<?xml version="1.0" encoding="UTF-8"?>
<!-- Generated by org.testng.reporters.JUnitReportReporter -->
<testsuite skipped="0" hostname="Ankush" name="action.different.LaunchApiDemosAndTap" tests="1" failures="0" timestamp="26 Nov 2020 14:31:04 GMT" time="17.116" errors="0">
  <testcase name="launchApiDemos" time="17.116" classname="action.different.LaunchApiDemosAndTap"/>
</testsuite> <!-- action.different.LaunchApiDemosAndTap -->
