<?xml version="1.0" encoding="UTF-8"?>
<!-- Generated by org.testng.reporters.JUnitReportReporter -->
<testsuite skipped="0" hostname="Ankush" name="app.install.InstallApp" tests="1" failures="0" timestamp="26 Nov 2020 10:45:50 GMT" time="27.349" errors="0">
  <testcase name="installApp" time="27.349" classname="app.install.InstallApp"/>
</testsuite> <!-- app.install.InstallApp -->
