<?xml version="1.0" encoding="UTF-8"?>
<!-- Generated by org.testng.reporters.JUnitReportReporter -->
<testsuite skipped="0" hostname="Ankush" name="app.install.LaunchApiDemos" tests="1" failures="0" timestamp="26 Nov 2020 11:44:33 GMT" time="52.590" errors="0">
  <testcase name="launchApiDemos" time="52.590" classname="app.install.LaunchApiDemos"/>
</testsuite> <!-- app.install.LaunchApiDemos -->
