<?xml version="1.0" encoding="UTF-8"?>
<!-- Generated by org.testng.reporters.JUnitReportReporter -->
<testsuite skipped="0" hostname="Ankush" name="action.different.LaunchApiDemosAndTap" tests="1" failures="0" timestamp="02 Dec 2020 08:26:11 GMT" time="28.092" errors="0">
  <testcase name="launchApiDemos" time="28.092" classname="action.different.LaunchApiDemosAndTap"/>
</testsuite> <!-- action.different.LaunchApiDemosAndTap -->
