<?xml version="1.0" encoding="UTF-8"?>
<!-- Generated by org.testng.reporters.JUnitReportReporter -->
<testsuite skipped="0" hostname="Ankush" name="action.different.Swap" tests="1" failures="0" timestamp="26 Nov 2020 14:32:56 GMT" time="28.351" errors="0">
  <testcase name="swap" time="28.351" classname="action.different.Swap"/>
</testsuite> <!-- action.different.Swap -->
